<?xml version="1.0" encoding="UTF-8"?>
<testng-results skipped="0" failed="0" total="2" passed="2">
  <reporter-output>
  </reporter-output>
  <suite name="Suite" duration-ms="14499" started-at="2016-06-21T19:01:30Z" finished-at="2016-06-21T19:01:45Z">
    <groups>
    </groups>
    <test name="Test" duration-ms="14499" started-at="2016-06-21T19:01:30Z" finished-at="2016-06-21T19:01:45Z">
      <class name="steps.GeneralSmoke">
        <test-method status="PASS" signature="setUp()[pri:0, instance:steps.GeneralSmoke@735b5592]" name="setUp" duration-ms="12169" started-at="2016-06-21T21:01:30Z" description="Open page" finished-at="2016-06-21T21:01:42Z">
          <reporter-output>
          </reporter-output>
        </test-method> <!-- setUp -->
        <test-method status="PASS" signature="tearDown()[pri:0, instance:steps.GeneralSmoke@735b5592]" name="tearDown" duration-ms="2318" started-at="2016-06-21T21:01:42Z" description="Close browser" finished-at="2016-06-21T21:01:45Z">
          <reporter-output>
          </reporter-output>
        </test-method> <!-- tearDown -->
      </class> <!-- steps.GeneralSmoke -->
    </test> <!-- Test -->
  </suite> <!-- Suite -->
</testng-results>
